Parsing SPARK's PAG file spark-dacapo/jre14/eclipse-pag-st ...
@timer 1: 0.190971
ParsePAG info: 
------------------------------------------------
max var id      : 84722
max heap id     : 7157
max field id    : 2188
max dec type id : 1651
max act type id : 1655
alloc rel size  : 7159
assign rel size : 123980
store rel size  : 3709
load rel size   : 7520
decl type size  : 10823
alloc type size : 7155
var type size   : 28543
-------------------------------------------------
	[DONE] 
the initial worklist size : 0
SCC and topological sorting ...
propagating basic stuff ... 
propagating field sensitive stores ... 
propagating field sensitive loads ... 
-----------------------------------------------------------------------------
propagating basic stuff ... 
propagating field sensitive stores ... 
propagating field sensitive loads ... 
-----------------------------------------------------------------------------
propagating basic stuff ... 
propagating field sensitive stores ... 
propagating field sensitive loads ... 
-----------------------------------------------------------------------------
propagating basic stuff ... 
propagating field sensitive stores ... 
propagating field sensitive loads ... 
-----------------------------------------------------------------------------
propagating basic stuff ... 
propagating field sensitive stores ... 
propagating field sensitive loads ... 
-----------------------------------------------------------------------------
propagating basic stuff ... 
propagating field sensitive stores ... 
propagating field sensitive loads ... 
-----------------------------------------------------------------------------
propagating basic stuff ... 
propagating field sensitive stores ... 
propagating field sensitive loads ... 
-----------------------------------------------------------------------------
propagating basic stuff ... 
propagating field sensitive stores ... 
propagating field sensitive loads ... 
-----------------------------------------------------------------------------
propagating basic stuff ... 
propagating field sensitive stores ... 
propagating field sensitive loads ... 
-----------------------------------------------------------------------------
propagating basic stuff ... 
propagating field sensitive stores ... 
propagating field sensitive loads ... 
-----------------------------------------------------------------------------
propagating basic stuff ... 
propagating field sensitive stores ... 
propagating field sensitive loads ... 
-----------------------------------------------------------------------------
Propagation time       : 1.03884 s.
Propagation iterations : 11
Points-to size         : 4706182
Total time             : 1.39579 s.
