Parsing SPARK's PAG file spark-dacapo/jre14/hsqldb-pag-st ...
@timer 1: 0.46293
ParsePAG info: 
------------------------------------------------
max var id      : 189237
max heap id     : 14157
max field id    : 4910
max dec type id : 3574
max act type id : 3578
alloc rel size  : 14158
assign rel size : 309070
store rel size  : 8544
load rel size   : 17978
decl type size  : 23782
alloc type size : 14155
var type size   : 64040
-------------------------------------------------
	[DONE] 
the initial worklist size : 0
SCC and topological sorting ...
propagating basic stuff ... 
propagating field sensitive stores ... 
propagating field sensitive loads ... 
-----------------------------------------------------------------------------
propagating basic stuff ... 
propagating field sensitive stores ... 
propagating field sensitive loads ... 
-----------------------------------------------------------------------------
propagating basic stuff ... 
propagating field sensitive stores ... 
propagating field sensitive loads ... 
-----------------------------------------------------------------------------
propagating basic stuff ... 
propagating field sensitive stores ... 
propagating field sensitive loads ... 
-----------------------------------------------------------------------------
propagating basic stuff ... 
propagating field sensitive stores ... 
propagating field sensitive loads ... 
-----------------------------------------------------------------------------
propagating basic stuff ... 
propagating field sensitive stores ... 
propagating field sensitive loads ... 
-----------------------------------------------------------------------------
propagating basic stuff ... 
propagating field sensitive stores ... 
propagating field sensitive loads ... 
-----------------------------------------------------------------------------
propagating basic stuff ... 
propagating field sensitive stores ... 
propagating field sensitive loads ... 
-----------------------------------------------------------------------------
propagating basic stuff ... 
propagating field sensitive stores ... 
propagating field sensitive loads ... 
-----------------------------------------------------------------------------
propagating basic stuff ... 
propagating field sensitive stores ... 
propagating field sensitive loads ... 
-----------------------------------------------------------------------------
propagating basic stuff ... 
propagating field sensitive stores ... 
propagating field sensitive loads ... 
-----------------------------------------------------------------------------
propagating basic stuff ... 
propagating field sensitive stores ... 
propagating field sensitive loads ... 
-----------------------------------------------------------------------------
propagating basic stuff ... 
propagating field sensitive stores ... 
propagating field sensitive loads ... 
-----------------------------------------------------------------------------
propagating basic stuff ... 
propagating field sensitive stores ... 
propagating field sensitive loads ... 
-----------------------------------------------------------------------------
propagating basic stuff ... 
propagating field sensitive stores ... 
propagating field sensitive loads ... 
-----------------------------------------------------------------------------
propagating basic stuff ... 
propagating field sensitive stores ... 
propagating field sensitive loads ... 
-----------------------------------------------------------------------------
propagating basic stuff ... 
propagating field sensitive stores ... 
propagating field sensitive loads ... 
-----------------------------------------------------------------------------
propagating basic stuff ... 
propagating field sensitive stores ... 
propagating field sensitive loads ... 
-----------------------------------------------------------------------------
Propagation time       : 5.62514 s.
Propagation iterations : 18
Points-to size         : 18844409
Total time             : 6.587 s.
