Parsing SPARK's PAG file spark-dacapo/jre14/antlr-pag-st ...
@timer 1: 0.39994
ParsePAG info: 
------------------------------------------------
max var id      : 163842
max heap id     : 12495
max field id    : 4051
max dec type id : 3204
max act type id : 3208
alloc rel size  : 12495
assign rel size : 257629
store rel size  : 6736
load rel size   : 14223
decl type size  : 21144
alloc type size : 12493
var type size   : 53997
-------------------------------------------------
	[DONE] 
the initial worklist size : 0
SCC and topological sorting ...
propagating basic stuff ... 
propagating field sensitive stores ... 
propagating field sensitive loads ... 
-----------------------------------------------------------------------------
propagating basic stuff ... 
propagating field sensitive stores ... 
propagating field sensitive loads ... 
-----------------------------------------------------------------------------
propagating basic stuff ... 
propagating field sensitive stores ... 
propagating field sensitive loads ... 
-----------------------------------------------------------------------------
propagating basic stuff ... 
propagating field sensitive stores ... 
propagating field sensitive loads ... 
-----------------------------------------------------------------------------
propagating basic stuff ... 
propagating field sensitive stores ... 
propagating field sensitive loads ... 
-----------------------------------------------------------------------------
propagating basic stuff ... 
propagating field sensitive stores ... 
propagating field sensitive loads ... 
-----------------------------------------------------------------------------
propagating basic stuff ... 
propagating field sensitive stores ... 
propagating field sensitive loads ... 
-----------------------------------------------------------------------------
propagating basic stuff ... 
propagating field sensitive stores ... 
propagating field sensitive loads ... 
-----------------------------------------------------------------------------
propagating basic stuff ... 
propagating field sensitive stores ... 
propagating field sensitive loads ... 
-----------------------------------------------------------------------------
propagating basic stuff ... 
propagating field sensitive stores ... 
propagating field sensitive loads ... 
-----------------------------------------------------------------------------
propagating basic stuff ... 
propagating field sensitive stores ... 
propagating field sensitive loads ... 
-----------------------------------------------------------------------------
propagating basic stuff ... 
propagating field sensitive stores ... 
propagating field sensitive loads ... 
-----------------------------------------------------------------------------
propagating basic stuff ... 
propagating field sensitive stores ... 
propagating field sensitive loads ... 
-----------------------------------------------------------------------------
propagating basic stuff ... 
propagating field sensitive stores ... 
propagating field sensitive loads ... 
-----------------------------------------------------------------------------
propagating basic stuff ... 
propagating field sensitive stores ... 
propagating field sensitive loads ... 
-----------------------------------------------------------------------------
propagating basic stuff ... 
propagating field sensitive stores ... 
propagating field sensitive loads ... 
-----------------------------------------------------------------------------
propagating basic stuff ... 
propagating field sensitive stores ... 
propagating field sensitive loads ... 
-----------------------------------------------------------------------------
propagating basic stuff ... 
propagating field sensitive stores ... 
propagating field sensitive loads ... 
-----------------------------------------------------------------------------
Propagation time       : 3.63745 s.
Propagation iterations : 18
Points-to size         : 14379768
Total time             : 4.44632 s.
Parsing SPARK's PAG file spark-dacapo/jre14/bloat-pag-st ...
@timer 1: 0.277957
ParsePAG info: 
------------------------------------------------
max var id      : 88774
max heap id     : 6824
max field id    : 2080
max dec type id : 1574
max act type id : 1578
alloc rel size  : 6827
assign rel size : 191627
store rel size  : 3646
load rel size   : 7578
decl type size  : 10335
alloc type size : 6822
var type size   : 29298
-------------------------------------------------
	[DONE] 
the initial worklist size : 0
SCC and topological sorting ...
propagating basic stuff ... 
propagating field sensitive stores ... 
propagating field sensitive loads ... 
-----------------------------------------------------------------------------
propagating basic stuff ... 
propagating field sensitive stores ... 
propagating field sensitive loads ... 
-----------------------------------------------------------------------------
propagating basic stuff ... 
propagating field sensitive stores ... 
propagating field sensitive loads ... 
-----------------------------------------------------------------------------
propagating basic stuff ... 
propagating field sensitive stores ... 
propagating field sensitive loads ... 
-----------------------------------------------------------------------------
propagating basic stuff ... 
propagating field sensitive stores ... 
propagating field sensitive loads ... 
-----------------------------------------------------------------------------
propagating basic stuff ... 
propagating field sensitive stores ... 
propagating field sensitive loads ... 
-----------------------------------------------------------------------------
propagating basic stuff ... 
propagating field sensitive stores ... 
propagating field sensitive loads ... 
-----------------------------------------------------------------------------
propagating basic stuff ... 
propagating field sensitive stores ... 
propagating field sensitive loads ... 
-----------------------------------------------------------------------------
propagating basic stuff ... 
propagating field sensitive stores ... 
propagating field sensitive loads ... 
-----------------------------------------------------------------------------
propagating basic stuff ... 
propagating field sensitive stores ... 
propagating field sensitive loads ... 
-----------------------------------------------------------------------------
propagating basic stuff ... 
propagating field sensitive stores ... 
propagating field sensitive loads ... 
-----------------------------------------------------------------------------
propagating basic stuff ... 
propagating field sensitive stores ... 
propagating field sensitive loads ... 
-----------------------------------------------------------------------------
propagating basic stuff ... 
propagating field sensitive stores ... 
propagating field sensitive loads ... 
-----------------------------------------------------------------------------
Propagation time       : 1.3248 s.
Propagation iterations : 13
Points-to size         : 5759545
Total time             : 1.82072 s.
Parsing SPARK's PAG file spark-dacapo/jre14/chart-pag-st ...
@timer 1: 0.575913
ParsePAG info: 
------------------------------------------------
max var id      : 198443
max heap id     : 16886
max field id    : 5352
max dec type id : 3827
max act type id : 3831
alloc rel size  : 16886
assign rel size : 412785
store rel size  : 8344
load rel size   : 17522
decl type size  : 25244
alloc type size : 16884
var type size   : 69314
-------------------------------------------------
	[DONE] 
the initial worklist size : 0
SCC and topological sorting ...
propagating basic stuff ... 
propagating field sensitive stores ... 
propagating field sensitive loads ... 
-----------------------------------------------------------------------------
propagating basic stuff ... 
propagating field sensitive stores ... 
propagating field sensitive loads ... 
-----------------------------------------------------------------------------
propagating basic stuff ... 
propagating field sensitive stores ... 
propagating field sensitive loads ... 
-----------------------------------------------------------------------------
propagating basic stuff ... 
propagating field sensitive stores ... 
propagating field sensitive loads ... 
-----------------------------------------------------------------------------
propagating basic stuff ... 
propagating field sensitive stores ... 
propagating field sensitive loads ... 
-----------------------------------------------------------------------------
propagating basic stuff ... 
propagating field sensitive stores ... 
propagating field sensitive loads ... 
-----------------------------------------------------------------------------
propagating basic stuff ... 
propagating field sensitive stores ... 
propagating field sensitive loads ... 
-----------------------------------------------------------------------------
propagating basic stuff ... 
propagating field sensitive stores ... 
propagating field sensitive loads ... 
-----------------------------------------------------------------------------
propagating basic stuff ... 
propagating field sensitive stores ... 
propagating field sensitive loads ... 
-----------------------------------------------------------------------------
propagating basic stuff ... 
propagating field sensitive stores ... 
propagating field sensitive loads ... 
-----------------------------------------------------------------------------
propagating basic stuff ... 
propagating field sensitive stores ... 
propagating field sensitive loads ... 
-----------------------------------------------------------------------------
propagating basic stuff ... 
propagating field sensitive stores ... 
propagating field sensitive loads ... 
-----------------------------------------------------------------------------
propagating basic stuff ... 
propagating field sensitive stores ... 
propagating field sensitive loads ... 
-----------------------------------------------------------------------------
propagating basic stuff ... 
propagating field sensitive stores ... 
propagating field sensitive loads ... 
-----------------------------------------------------------------------------
propagating basic stuff ... 
propagating field sensitive stores ... 
propagating field sensitive loads ... 
-----------------------------------------------------------------------------
propagating basic stuff ... 
propagating field sensitive stores ... 
propagating field sensitive loads ... 
-----------------------------------------------------------------------------
propagating basic stuff ... 
propagating field sensitive stores ... 
propagating field sensitive loads ... 
-----------------------------------------------------------------------------
propagating basic stuff ... 
propagating field sensitive stores ... 
propagating field sensitive loads ... 
-----------------------------------------------------------------------------
Propagation time       : 6.93295 s.
Propagation iterations : 18
Points-to size         : 24484238
Total time             : 8.21375 s.
Parsing SPARK's PAG file spark-dacapo/jre14/eclipse-pag-st ...
@timer 1: 0.188972
ParsePAG info: 
------------------------------------------------
max var id      : 84722
max heap id     : 7157
max field id    : 2188
max dec type id : 1651
max act type id : 1655
alloc rel size  : 7159
assign rel size : 123980
store rel size  : 3709
load rel size   : 7520
decl type size  : 10823
alloc type size : 7155
var type size   : 28543
-------------------------------------------------
	[DONE] 
the initial worklist size : 0
SCC and topological sorting ...
propagating basic stuff ... 
propagating field sensitive stores ... 
propagating field sensitive loads ... 
-----------------------------------------------------------------------------
propagating basic stuff ... 
propagating field sensitive stores ... 
propagating field sensitive loads ... 
-----------------------------------------------------------------------------
propagating basic stuff ... 
propagating field sensitive stores ... 
propagating field sensitive loads ... 
-----------------------------------------------------------------------------
propagating basic stuff ... 
propagating field sensitive stores ... 
propagating field sensitive loads ... 
-----------------------------------------------------------------------------
propagating basic stuff ... 
propagating field sensitive stores ... 
propagating field sensitive loads ... 
-----------------------------------------------------------------------------
propagating basic stuff ... 
propagating field sensitive stores ... 
propagating field sensitive loads ... 
-----------------------------------------------------------------------------
propagating basic stuff ... 
propagating field sensitive stores ... 
propagating field sensitive loads ... 
-----------------------------------------------------------------------------
propagating basic stuff ... 
propagating field sensitive stores ... 
propagating field sensitive loads ... 
-----------------------------------------------------------------------------
propagating basic stuff ... 
propagating field sensitive stores ... 
propagating field sensitive loads ... 
-----------------------------------------------------------------------------
propagating basic stuff ... 
propagating field sensitive stores ... 
propagating field sensitive loads ... 
-----------------------------------------------------------------------------
propagating basic stuff ... 
propagating field sensitive stores ... 
propagating field sensitive loads ... 
-----------------------------------------------------------------------------
Propagation time       : 1.04184 s.
Propagation iterations : 11
Points-to size         : 4706182
Total time             : 1.41379 s.
Parsing SPARK's PAG file spark-dacapo/jre14/hsqldb-pag-st ...
@timer 1: 0.45893
ParsePAG info: 
------------------------------------------------
max var id      : 189237
max heap id     : 14157
max field id    : 4910
max dec type id : 3574
max act type id : 3578
alloc rel size  : 14158
assign rel size : 309070
store rel size  : 8544
load rel size   : 17978
decl type size  : 23782
alloc type size : 14155
var type size   : 64040
-------------------------------------------------
	[DONE] 
the initial worklist size : 0
SCC and topological sorting ...
propagating basic stuff ... 
propagating field sensitive stores ... 
propagating field sensitive loads ... 
-----------------------------------------------------------------------------
propagating basic stuff ... 
propagating field sensitive stores ... 
propagating field sensitive loads ... 
-----------------------------------------------------------------------------
propagating basic stuff ... 
propagating field sensitive stores ... 
propagating field sensitive loads ... 
-----------------------------------------------------------------------------
propagating basic stuff ... 
propagating field sensitive stores ... 
propagating field sensitive loads ... 
-----------------------------------------------------------------------------
propagating basic stuff ... 
propagating field sensitive stores ... 
propagating field sensitive loads ... 
-----------------------------------------------------------------------------
propagating basic stuff ... 
propagating field sensitive stores ... 
propagating field sensitive loads ... 
-----------------------------------------------------------------------------
propagating basic stuff ... 
propagating field sensitive stores ... 
propagating field sensitive loads ... 
-----------------------------------------------------------------------------
propagating basic stuff ... 
propagating field sensitive stores ... 
propagating field sensitive loads ... 
-----------------------------------------------------------------------------
propagating basic stuff ... 
propagating field sensitive stores ... 
propagating field sensitive loads ... 
-----------------------------------------------------------------------------
propagating basic stuff ... 
propagating field sensitive stores ... 
propagating field sensitive loads ... 
-----------------------------------------------------------------------------
propagating basic stuff ... 
propagating field sensitive stores ... 
propagating field sensitive loads ... 
-----------------------------------------------------------------------------
propagating basic stuff ... 
propagating field sensitive stores ... 
propagating field sensitive loads ... 
-----------------------------------------------------------------------------
propagating basic stuff ... 
propagating field sensitive stores ... 
propagating field sensitive loads ... 
-----------------------------------------------------------------------------
propagating basic stuff ... 
propagating field sensitive stores ... 
propagating field sensitive loads ... 
-----------------------------------------------------------------------------
propagating basic stuff ... 
propagating field sensitive stores ... 
propagating field sensitive loads ... 
-----------------------------------------------------------------------------
propagating basic stuff ... 
propagating field sensitive stores ... 
propagating field sensitive loads ... 
-----------------------------------------------------------------------------
propagating basic stuff ... 
propagating field sensitive stores ... 
propagating field sensitive loads ... 
-----------------------------------------------------------------------------
propagating basic stuff ... 
propagating field sensitive stores ... 
propagating field sensitive loads ... 
-----------------------------------------------------------------------------
Propagation time       : 5.66714 s.
Propagation iterations : 18
Points-to size         : 18844409
Total time             : 6.63299 s.
Parsing SPARK's PAG file spark-dacapo/jre14/jython-pag-st ...
@timer 1: 0.687896
ParsePAG info: 
------------------------------------------------
max var id      : 212988
max heap id     : 14875
max field id    : 5275
max dec type id : 4148
max act type id : 4152
alloc rel size  : 14877
assign rel size : 508372
store rel size  : 8404
load rel size   : 17469
decl type size  : 28620
alloc type size : 14873
var type size   : 72600
-------------------------------------------------
	[DONE] 
the initial worklist size : 0
SCC and topological sorting ...
propagating basic stuff ... 
propagating field sensitive stores ... 
propagating field sensitive loads ... 
-----------------------------------------------------------------------------
propagating basic stuff ... 
propagating field sensitive stores ... 
propagating field sensitive loads ... 
-----------------------------------------------------------------------------
propagating basic stuff ... 
propagating field sensitive stores ... 
propagating field sensitive loads ... 
-----------------------------------------------------------------------------
propagating basic stuff ... 
propagating field sensitive stores ... 
propagating field sensitive loads ... 
-----------------------------------------------------------------------------
propagating basic stuff ... 
propagating field sensitive stores ... 
propagating field sensitive loads ... 
-----------------------------------------------------------------------------
propagating basic stuff ... 
propagating field sensitive stores ... 
propagating field sensitive loads ... 
-----------------------------------------------------------------------------
propagating basic stuff ... 
propagating field sensitive stores ... 
propagating field sensitive loads ... 
-----------------------------------------------------------------------------
propagating basic stuff ... 
propagating field sensitive stores ... 
propagating field sensitive loads ... 
-----------------------------------------------------------------------------
propagating basic stuff ... 
propagating field sensitive stores ... 
propagating field sensitive loads ... 
-----------------------------------------------------------------------------
propagating basic stuff ... 
propagating field sensitive stores ... 
propagating field sensitive loads ... 
-----------------------------------------------------------------------------
propagating basic stuff ... 
propagating field sensitive stores ... 
propagating field sensitive loads ... 
-----------------------------------------------------------------------------
propagating basic stuff ... 
propagating field sensitive stores ... 
propagating field sensitive loads ... 
-----------------------------------------------------------------------------
propagating basic stuff ... 
propagating field sensitive stores ... 
propagating field sensitive loads ... 
-----------------------------------------------------------------------------
propagating basic stuff ... 
propagating field sensitive stores ... 
propagating field sensitive loads ... 
-----------------------------------------------------------------------------
propagating basic stuff ... 
propagating field sensitive stores ... 
propagating field sensitive loads ... 
-----------------------------------------------------------------------------
propagating basic stuff ... 
propagating field sensitive stores ... 
propagating field sensitive loads ... 
-----------------------------------------------------------------------------
propagating basic stuff ... 
propagating field sensitive stores ... 
propagating field sensitive loads ... 
-----------------------------------------------------------------------------
propagating basic stuff ... 
propagating field sensitive stores ... 
propagating field sensitive loads ... 
-----------------------------------------------------------------------------
Propagation time       : 8.09377 s.
Propagation iterations : 18
Points-to size         : 25449473
Total time             : 9.48356 s.
Parsing SPARK's PAG file spark-dacapo/jre14/luindex-pag-st ...
@timer 1: 0.19797
ParsePAG info: 
------------------------------------------------
max var id      : 82307
max heap id     : 6870
max field id    : 2256
max dec type id : 1757
max act type id : 1761
alloc rel size  : 6870
assign rel size : 128643
store rel size  : 3877
load rel size   : 7761
decl type size  : 11598
alloc type size : 6868
var type size   : 28099
-------------------------------------------------
	[DONE] 
the initial worklist size : 0
SCC and topological sorting ...
propagating basic stuff ... 
propagating field sensitive stores ... 
propagating field sensitive loads ... 
-----------------------------------------------------------------------------
propagating basic stuff ... 
propagating field sensitive stores ... 
propagating field sensitive loads ... 
-----------------------------------------------------------------------------
propagating basic stuff ... 
propagating field sensitive stores ... 
propagating field sensitive loads ... 
-----------------------------------------------------------------------------
propagating basic stuff ... 
propagating field sensitive stores ... 
propagating field sensitive loads ... 
-----------------------------------------------------------------------------
propagating basic stuff ... 
propagating field sensitive stores ... 
propagating field sensitive loads ... 
-----------------------------------------------------------------------------
propagating basic stuff ... 
propagating field sensitive stores ... 
propagating field sensitive loads ... 
-----------------------------------------------------------------------------
propagating basic stuff ... 
propagating field sensitive stores ... 
propagating field sensitive loads ... 
-----------------------------------------------------------------------------
propagating basic stuff ... 
propagating field sensitive stores ... 
propagating field sensitive loads ... 
-----------------------------------------------------------------------------
propagating basic stuff ... 
propagating field sensitive stores ... 
propagating field sensitive loads ... 
-----------------------------------------------------------------------------
propagating basic stuff ... 
propagating field sensitive stores ... 
propagating field sensitive loads ... 
-----------------------------------------------------------------------------
propagating basic stuff ... 
propagating field sensitive stores ... 
propagating field sensitive loads ... 
-----------------------------------------------------------------------------
Propagation time       : 1.06584 s.
Propagation iterations : 11
Points-to size         : 4460733
Total time             : 1.42478 s.
Parsing SPARK's PAG file spark-dacapo/jre14/lusearch-pag-st ...
@timer 1: 0.209968
ParsePAG info: 
------------------------------------------------
max var id      : 82307
max heap id     : 6870
max field id    : 2256
max dec type id : 1757
max act type id : 1761
alloc rel size  : 6870
assign rel size : 128643
store rel size  : 3877
load rel size   : 7761
decl type size  : 11598
alloc type size : 6868
var type size   : 28100
-------------------------------------------------
	[DONE] 
the initial worklist size : 0
SCC and topological sorting ...
propagating basic stuff ... 
propagating field sensitive stores ... 
propagating field sensitive loads ... 
-----------------------------------------------------------------------------
propagating basic stuff ... 
propagating field sensitive stores ... 
propagating field sensitive loads ... 
-----------------------------------------------------------------------------
propagating basic stuff ... 
propagating field sensitive stores ... 
propagating field sensitive loads ... 
-----------------------------------------------------------------------------
propagating basic stuff ... 
propagating field sensitive stores ... 
propagating field sensitive loads ... 
-----------------------------------------------------------------------------
propagating basic stuff ... 
propagating field sensitive stores ... 
propagating field sensitive loads ... 
-----------------------------------------------------------------------------
propagating basic stuff ... 
propagating field sensitive stores ... 
propagating field sensitive loads ... 
-----------------------------------------------------------------------------
propagating basic stuff ... 
propagating field sensitive stores ... 
propagating field sensitive loads ... 
-----------------------------------------------------------------------------
propagating basic stuff ... 
propagating field sensitive stores ... 
propagating field sensitive loads ... 
-----------------------------------------------------------------------------
propagating basic stuff ... 
propagating field sensitive stores ... 
propagating field sensitive loads ... 
-----------------------------------------------------------------------------
propagating basic stuff ... 
propagating field sensitive stores ... 
propagating field sensitive loads ... 
-----------------------------------------------------------------------------
propagating basic stuff ... 
propagating field sensitive stores ... 
propagating field sensitive loads ... 
-----------------------------------------------------------------------------
Propagation time       : 1.03284 s.
Propagation iterations : 11
Points-to size         : 4460736
Total time             : 1.41578 s.
Parsing SPARK's PAG file spark-dacapo/jre14/pmd-pag-st ...
@timer 1: 0.512922
ParsePAG info: 
------------------------------------------------
max var id      : 191492
max heap id     : 14035
max field id    : 4962
max dec type id : 4093
max act type id : 4097
alloc rel size  : 14036
assign rel size : 354625
store rel size  : 7940
load rel size   : 15311
decl type size  : 27133
alloc type size : 14033
var type size   : 62889
-------------------------------------------------
	[DONE] 
the initial worklist size : 0
SCC and topological sorting ...
propagating basic stuff ... 
propagating field sensitive stores ... 
propagating field sensitive loads ... 
-----------------------------------------------------------------------------
propagating basic stuff ... 
propagating field sensitive stores ... 
propagating field sensitive loads ... 
-----------------------------------------------------------------------------
propagating basic stuff ... 
propagating field sensitive stores ... 
propagating field sensitive loads ... 
-----------------------------------------------------------------------------
propagating basic stuff ... 
propagating field sensitive stores ... 
propagating field sensitive loads ... 
-----------------------------------------------------------------------------
propagating basic stuff ... 
propagating field sensitive stores ... 
propagating field sensitive loads ... 
-----------------------------------------------------------------------------
propagating basic stuff ... 
propagating field sensitive stores ... 
propagating field sensitive loads ... 
-----------------------------------------------------------------------------
propagating basic stuff ... 
propagating field sensitive stores ... 
propagating field sensitive loads ... 
-----------------------------------------------------------------------------
propagating basic stuff ... 
propagating field sensitive stores ... 
propagating field sensitive loads ... 
-----------------------------------------------------------------------------
propagating basic stuff ... 
propagating field sensitive stores ... 
propagating field sensitive loads ... 
-----------------------------------------------------------------------------
propagating basic stuff ... 
propagating field sensitive stores ... 
propagating field sensitive loads ... 
-----------------------------------------------------------------------------
propagating basic stuff ... 
propagating field sensitive stores ... 
propagating field sensitive loads ... 
-----------------------------------------------------------------------------
propagating basic stuff ... 
propagating field sensitive stores ... 
propagating field sensitive loads ... 
-----------------------------------------------------------------------------
propagating basic stuff ... 
propagating field sensitive stores ... 
propagating field sensitive loads ... 
-----------------------------------------------------------------------------
propagating basic stuff ... 
propagating field sensitive stores ... 
propagating field sensitive loads ... 
-----------------------------------------------------------------------------
propagating basic stuff ... 
propagating field sensitive stores ... 
propagating field sensitive loads ... 
-----------------------------------------------------------------------------
propagating basic stuff ... 
propagating field sensitive stores ... 
propagating field sensitive loads ... 
-----------------------------------------------------------------------------
propagating basic stuff ... 
propagating field sensitive stores ... 
propagating field sensitive loads ... 
-----------------------------------------------------------------------------
propagating basic stuff ... 
propagating field sensitive stores ... 
propagating field sensitive loads ... 
-----------------------------------------------------------------------------
Propagation time       : 4.96324 s.
Propagation iterations : 18
Points-to size         : 20612609
Total time             : 6.04408 s.
Parsing SPARK's PAG file spark-dacapo/jre14/xalan-pag-st ...
@timer 1: 0
ParsePAG info: 
------------------------------------------------
max var id      : 0
max heap id     : 0
max field id    : 0
max dec type id : 0
max act type id : 0
alloc rel size  : 0
assign rel size : 0
store rel size  : 0
load rel size   : 0
decl type size  : 0
alloc type size : 0
var type size   : 0
-------------------------------------------------
	[DONE] 
the initial worklist size : 0
SCC and topological sorting ...
Propagation time       : 0 s.
Propagation iterations : 0
Points-to size         : 0
Total time             : 0 s.
