Parsing SPARK's PAG file spark-dacapo/jre14/pmd-pag-st ...
@timer 1: 0.517922
ParsePAG info: 
------------------------------------------------
max var id      : 191492
max heap id     : 14035
max field id    : 4962
max dec type id : 4093
max act type id : 4097
alloc rel size  : 14036
assign rel size : 354625
store rel size  : 7940
load rel size   : 15311
decl type size  : 27133
alloc type size : 14033
var type size   : 62889
-------------------------------------------------
	[DONE] 
the initial worklist size : 0
SCC and topological sorting ...
propagating basic stuff ... 
propagating field sensitive stores ... 
propagating field sensitive loads ... 
-----------------------------------------------------------------------------
propagating basic stuff ... 
propagating field sensitive stores ... 
propagating field sensitive loads ... 
-----------------------------------------------------------------------------
propagating basic stuff ... 
propagating field sensitive stores ... 
propagating field sensitive loads ... 
-----------------------------------------------------------------------------
propagating basic stuff ... 
propagating field sensitive stores ... 
propagating field sensitive loads ... 
-----------------------------------------------------------------------------
propagating basic stuff ... 
propagating field sensitive stores ... 
propagating field sensitive loads ... 
-----------------------------------------------------------------------------
propagating basic stuff ... 
propagating field sensitive stores ... 
propagating field sensitive loads ... 
-----------------------------------------------------------------------------
propagating basic stuff ... 
propagating field sensitive stores ... 
propagating field sensitive loads ... 
-----------------------------------------------------------------------------
propagating basic stuff ... 
propagating field sensitive stores ... 
propagating field sensitive loads ... 
-----------------------------------------------------------------------------
propagating basic stuff ... 
propagating field sensitive stores ... 
propagating field sensitive loads ... 
-----------------------------------------------------------------------------
propagating basic stuff ... 
propagating field sensitive stores ... 
propagating field sensitive loads ... 
-----------------------------------------------------------------------------
propagating basic stuff ... 
propagating field sensitive stores ... 
propagating field sensitive loads ... 
-----------------------------------------------------------------------------
propagating basic stuff ... 
propagating field sensitive stores ... 
propagating field sensitive loads ... 
-----------------------------------------------------------------------------
propagating basic stuff ... 
propagating field sensitive stores ... 
propagating field sensitive loads ... 
-----------------------------------------------------------------------------
propagating basic stuff ... 
propagating field sensitive stores ... 
propagating field sensitive loads ... 
-----------------------------------------------------------------------------
propagating basic stuff ... 
propagating field sensitive stores ... 
propagating field sensitive loads ... 
-----------------------------------------------------------------------------
propagating basic stuff ... 
propagating field sensitive stores ... 
propagating field sensitive loads ... 
-----------------------------------------------------------------------------
propagating basic stuff ... 
propagating field sensitive stores ... 
propagating field sensitive loads ... 
-----------------------------------------------------------------------------
propagating basic stuff ... 
propagating field sensitive stores ... 
propagating field sensitive loads ... 
-----------------------------------------------------------------------------
Propagation time       : 4.96624 s.
Propagation iterations : 18
Points-to size         : 20612609
Total time             : 6.04608 s.
