Parsing SPARK's PAG file spark-dacapo/jre14/antlr-pag-st ...
@timer 1: 0.39994
ParsePAG info: 
------------------------------------------------
max var id      : 163842
max heap id     : 12495
max field id    : 4051
max dec type id : 3204
max act type id : 3208
alloc rel size  : 12495
assign rel size : 257629
store rel size  : 6736
load rel size   : 14223
decl type size  : 21144
alloc type size : 12493
var type size   : 53997
-------------------------------------------------
	[DONE] 
the initial worklist size : 0
SCC and topological sorting ...
propagating basic stuff ... 
propagating field sensitive stores ... 
propagating field sensitive loads ... 
-----------------------------------------------------------------------------
propagating basic stuff ... 
propagating field sensitive stores ... 
propagating field sensitive loads ... 
-----------------------------------------------------------------------------
propagating basic stuff ... 
propagating field sensitive stores ... 
propagating field sensitive loads ... 
-----------------------------------------------------------------------------
propagating basic stuff ... 
propagating field sensitive stores ... 
propagating field sensitive loads ... 
-----------------------------------------------------------------------------
propagating basic stuff ... 
propagating field sensitive stores ... 
propagating field sensitive loads ... 
-----------------------------------------------------------------------------
propagating basic stuff ... 
propagating field sensitive stores ... 
propagating field sensitive loads ... 
-----------------------------------------------------------------------------
propagating basic stuff ... 
propagating field sensitive stores ... 
propagating field sensitive loads ... 
-----------------------------------------------------------------------------
propagating basic stuff ... 
propagating field sensitive stores ... 
propagating field sensitive loads ... 
-----------------------------------------------------------------------------
propagating basic stuff ... 
propagating field sensitive stores ... 
propagating field sensitive loads ... 
-----------------------------------------------------------------------------
propagating basic stuff ... 
propagating field sensitive stores ... 
propagating field sensitive loads ... 
-----------------------------------------------------------------------------
propagating basic stuff ... 
propagating field sensitive stores ... 
propagating field sensitive loads ... 
-----------------------------------------------------------------------------
propagating basic stuff ... 
propagating field sensitive stores ... 
propagating field sensitive loads ... 
-----------------------------------------------------------------------------
propagating basic stuff ... 
propagating field sensitive stores ... 
propagating field sensitive loads ... 
-----------------------------------------------------------------------------
propagating basic stuff ... 
propagating field sensitive stores ... 
propagating field sensitive loads ... 
-----------------------------------------------------------------------------
propagating basic stuff ... 
propagating field sensitive stores ... 
propagating field sensitive loads ... 
-----------------------------------------------------------------------------
propagating basic stuff ... 
propagating field sensitive stores ... 
propagating field sensitive loads ... 
-----------------------------------------------------------------------------
propagating basic stuff ... 
propagating field sensitive stores ... 
propagating field sensitive loads ... 
-----------------------------------------------------------------------------
propagating basic stuff ... 
propagating field sensitive stores ... 
propagating field sensitive loads ... 
-----------------------------------------------------------------------------
Propagation time       : 3.62445 s.
Propagation iterations : 18
Points-to size         : 14379768
Total time             : 4.44732 s.
